<?xml version="1.0" encoding="UTF-8"?>
<robot generator="Robot 7.0 (Python 3.11.1 on darwin)" generated="2024-11-19T20:18:36.930948" rpa="false" schemaversion="5">
<suite id="s1" name="Malopolska" source="/Users/aleksandreroskin/project/git/Robot/tests/malopolska.robot">
<test id="s1-t1" name="Read env" line="17">
<kw name="Log To Console" owner="BuiltIn">
<msg time="2024-11-19T20:18:36.949750" level="FAIL">Variable '${inputDataEnv}' not found.</msg>
<arg>${inputDataEnv}</arg>
<doc>Logs the given message to the console.</doc>
<status status="FAIL" start="2024-11-19T20:18:36.949354" elapsed="0.000425">Variable '${inputDataEnv}' not found.</status>
</kw>
<status status="FAIL" start="2024-11-19T20:18:36.948991" elapsed="0.000907">Variable '${inputDataEnv}' not found.</status>
</test>
<test id="s1-t2" name="Open Chrome" line="20">
<kw name="Evaluate" owner="BuiltIn">
<msg time="2024-11-19T20:18:36.950416" level="FAIL">Evaluating expression "sys.modules['selenium.webdriver'].ChromeOptions()" failed: KeyError: 'selenium.webdriver'</msg>
<var>${options}</var>
<arg>sys.modules['selenium.webdriver'].ChromeOptions()</arg>
<arg>sys</arg>
<doc>Evaluates the given expression in Python and returns the result.</doc>
<status status="FAIL" start="2024-11-19T20:18:36.950155" elapsed="0.000371">Evaluating expression "sys.modules['selenium.webdriver'].ChromeOptions()" failed: KeyError: 'selenium.webdriver'</status>
</kw>
<kw name="Call Method" owner="BuiltIn">
<arg>${options}</arg>
<arg>add_argument</arg>
<arg>--disable-notifications</arg>
<doc>Calls the named method of the given object with the provided arguments.</doc>
<status status="NOT RUN" start="2024-11-19T20:18:36.950621" elapsed="0.000012"/>
</kw>
<kw name="Call Method" owner="BuiltIn">
<arg>${options}</arg>
<arg>add_argument</arg>
<arg>--disable-infobars</arg>
<doc>Calls the named method of the given object with the provided arguments.</doc>
<status status="NOT RUN" start="2024-11-19T20:18:36.950699" elapsed="0.000009"/>
</kw>
<kw name="Call Method" owner="BuiltIn">
<arg>${options}</arg>
<arg>add_argument</arg>
<arg>--disable-extensions</arg>
<doc>Calls the named method of the given object with the provided arguments.</doc>
<status status="NOT RUN" start="2024-11-19T20:18:36.950766" elapsed="0.000010"/>
</kw>
<kw name="Call Method" owner="BuiltIn">
<arg>${options}</arg>
<arg>add_argument</arg>
<arg>--no-sandbox</arg>
<doc>Calls the named method of the given object with the provided arguments.</doc>
<status status="NOT RUN" start="2024-11-19T20:18:36.950838" elapsed="0.000007"/>
</kw>
<kw name="Call Method" owner="BuiltIn">
<arg>${options}</arg>
<arg>add_argument</arg>
<arg>--headless</arg>
<doc>Calls the named method of the given object with the provided arguments.</doc>
<status status="NOT RUN" start="2024-11-19T20:18:36.950901" elapsed="0.000007"/>
</kw>
<kw name="Call Method" owner="BuiltIn">
<arg>${options}</arg>
<arg>add_argument</arg>
<arg>--disable-dev-shm-usage</arg>
<doc>Calls the named method of the given object with the provided arguments.</doc>
<status status="NOT RUN" start="2024-11-19T20:18:36.950977" elapsed="0.000017"/>
</kw>
<kw name="Call Method" owner="BuiltIn">
<arg>${options}</arg>
<arg>add_argument</arg>
<arg>--start-maximized</arg>
<doc>Calls the named method of the given object with the provided arguments.</doc>
<status status="NOT RUN" start="2024-11-19T20:18:36.951055" elapsed="0.000008"/>
</kw>
<kw name="Open Browser">
<arg>${URL}</arg>
<arg>${BROWSER}</arg>
<arg>options=${options}</arg>
<status status="NOT RUN" start="2024-11-19T20:18:36.951714" elapsed="0.000012"/>
</kw>
<kw name="Go To">
<arg>${URL}</arg>
<status status="NOT RUN" start="2024-11-19T20:18:36.952176" elapsed="0.000009"/>
</kw>
<status status="FAIL" start="2024-11-19T20:18:36.950008" elapsed="0.002263">Evaluating expression "sys.modules['selenium.webdriver'].ChromeOptions()" failed: KeyError: 'selenium.webdriver'</status>
</test>
<test id="s1-t3" name="Rezerwacja Open web site" line="32">
<kw name="Set Window Size">
<msg time="2024-11-19T20:18:36.953053" level="FAIL">No keyword with name 'Set Window Size' found.</msg>
<arg>1900</arg>
<arg>1200</arg>
<status status="FAIL" start="2024-11-19T20:18:36.953032" elapsed="0.000050">No keyword with name 'Set Window Size' found.</status>
</kw>
<kw name="Capture Page Screenshot">
<arg>${screenshotsFolder}/OkpWizard_opened.png</arg>
<status status="NOT RUN" start="2024-11-19T20:18:36.953702" elapsed="0.000009"/>
</kw>
<status status="FAIL" start="2024-11-19T20:18:36.952369" elapsed="0.001447">No keyword with name 'Set Window Size' found.</status>
</test>
<test id="s1-t4" name="Rezerwacja Fill all fields" line="36">
<kw name="Evaluate" owner="BuiltIn">
<msg time="2024-11-19T20:18:36.954440" level="FAIL">Variable '${inputDataEnv}' not found.</msg>
<var>${content}</var>
<arg>json.loads('''${inputDataEnv}''')</arg>
<arg>json</arg>
<doc>Evaluates the given expression in Python and returns the result.</doc>
<status status="FAIL" start="2024-11-19T20:18:36.954061" elapsed="0.000403">Variable '${inputDataEnv}' not found.</status>
</kw>
<kw name="Sleep" owner="BuiltIn">
<arg>2s</arg>
<doc>Pauses the test executed for the given time.</doc>
<status status="NOT RUN" start="2024-11-19T20:18:36.954550" elapsed="0.000011"/>
</kw>
<kw name="Click Element">
<arg>//*[@id="i_know_rodo_ki"]</arg>
<status status="NOT RUN" start="2024-11-19T20:18:36.955170" elapsed="0.000010"/>
</kw>
<kw name="Input Text">
<arg>//*[@id="Imie"]</arg>
<arg>${content["Imie"]}</arg>
<status status="NOT RUN" start="2024-11-19T20:18:36.955774" elapsed="0.000015"/>
</kw>
<kw name="Input Text">
<arg>//*[@id="Nazwisko"]</arg>
<arg>${content["Nazwisko"]}</arg>
<status status="NOT RUN" start="2024-11-19T20:18:36.956330" elapsed="0.000009"/>
</kw>
<kw name="Input Text">
<arg>//*[@id="DataUrodzenia"]</arg>
<arg>${content["DataUrodzenia"]}</arg>
<status status="NOT RUN" start="2024-11-19T20:18:36.956856" elapsed="0.000009"/>
</kw>
<kw name="Input Text">
<arg>//*[@id="NumerSprawy"]</arg>
<arg>${content["NumerSprawy"]}</arg>
<status status="NOT RUN" start="2024-11-19T20:18:36.957361" elapsed="0.000008"/>
</kw>
<kw name="Capture Page Screenshot">
<arg>${screenshotsFolder}/OkpWizard_fill_name.png</arg>
<status status="NOT RUN" start="2024-11-19T20:18:36.957942" elapsed="0.000008"/>
</kw>
<status status="FAIL" start="2024-11-19T20:18:36.953918" elapsed="0.004125">Variable '${inputDataEnv}' not found.</status>
</test>
<test id="s1-t5" name="Rezerwacja Check actual state" line="46">
<kw name="Click Element">
<msg time="2024-11-19T20:18:36.958884" level="FAIL">No keyword with name 'Click Element' found.</msg>
<arg>//*[@id="submit"]</arg>
<status status="FAIL" start="2024-11-19T20:18:36.958869" elapsed="0.000034">No keyword with name 'Click Element' found.</status>
</kw>
<kw name="Sleep" owner="BuiltIn">
<arg>10s</arg>
<doc>Pauses the test executed for the given time.</doc>
<status status="NOT RUN" start="2024-11-19T20:18:36.958970" elapsed="0.000009"/>
</kw>
<kw name="Capture Page Screenshot">
<arg>${screenshotsFolder}/OkpWizard_state.png</arg>
<status status="NOT RUN" start="2024-11-19T20:18:36.959556" elapsed="0.000007"/>
</kw>
<status status="FAIL" start="2024-11-19T20:18:36.958141" elapsed="0.001492">No keyword with name 'Click Element' found.</status>
</test>
<test id="s1-t6" name="Rezerwacja Validate results" line="51">
<kw name="Set Variable" owner="BuiltIn">
<msg time="2024-11-19T20:18:36.959927" level="INFO">${locator} = xpath=//*[@id="Form.Okp"]/div[2]/div</msg>
<var>${locator}</var>
<arg>xpath=//*[@id="Form.Okp"]/div[2]/div</arg>
<doc>Returns the given values which can then be assigned to a variables.</doc>
<status status="PASS" start="2024-11-19T20:18:36.959832" elapsed="0.000105"/>
</kw>
<kw name="Get Text">
<msg time="2024-11-19T20:18:36.960302" level="FAIL">No keyword with name 'Get Text' found. Did you mean:
    BuiltIn.Get Time</msg>
<var>${current text}</var>
<arg>${locator}</arg>
<status status="FAIL" start="2024-11-19T20:18:36.960291" elapsed="0.000025">No keyword with name 'Get Text' found. Did you mean:
    BuiltIn.Get Time</status>
</kw>
<kw name="Should Not Contain" owner="BuiltIn">
<arg>${current text}</arg>
<arg>Brak karty pobytu do odbioru</arg>
<doc>Fails if ``container`` contains ``item`` one or more times.</doc>
<status status="NOT RUN" start="2024-11-19T20:18:36.960372" elapsed="0.000007"/>
</kw>
<kw name="Should Not Contain" owner="BuiltIn">
<arg>${current text}</arg>
<arg>niewłaściwy format numeru sprawy</arg>
<doc>Fails if ``container`` contains ``item`` one or more times.</doc>
<status status="NOT RUN" start="2024-11-19T20:18:36.960562" elapsed="0.000007"/>
</kw>
<status status="FAIL" start="2024-11-19T20:18:36.959713" elapsed="0.000922">No keyword with name 'Get Text' found. Did you mean:
    BuiltIn.Get Time</status>
</test>
<status status="FAIL" start="2024-11-19T20:18:36.931962" elapsed="0.028851"/>
</suite>
<statistics>
<total>
<stat pass="0" fail="6" skip="0">All Tests</stat>
</total>
<tag>
</tag>
<suite>
<stat pass="0" fail="6" skip="0" id="s1" name="Malopolska">Malopolska</stat>
</suite>
</statistics>
<errors>
<msg time="2024-11-19T20:18:36.944645" level="ERROR">Error in file '/Users/aleksandreroskin/project/git/Robot/tests/malopolska.robot' on line 2: Importing library 'Selenium2Library' failed: ModuleNotFoundError: No module named 'Selenium2Library'
Traceback (most recent call last):
  None
PYTHONPATH:
  /Users/aleksandreroskin/.pyenv/versions/3.11.1/envs/robot/bin
  /Users/aleksandreroskin/.pyenv/versions/3.11.1/lib/python311.zip
  /Users/aleksandreroskin/.pyenv/versions/3.11.1/lib/python3.11
  /Users/aleksandreroskin/.pyenv/versions/3.11.1/lib/python3.11/lib-dynload
  /Users/aleksandreroskin/.pyenv/versions/3.11.1/envs/robot/lib/python3.11/site-packages</msg>
<msg time="2024-11-19T20:18:36.948581" level="ERROR">Error in file '/Users/aleksandreroskin/project/git/Robot/tests/malopolska.robot' on line 14: Setting variable '${inputDataEnv}' failed: Environment variable '%{MYDATA}' not found.</msg>
</errors>
</robot>
